2016-03-09 19:46:41.637+0000 INFO  [o.n.k.i.f.CommunityFacadeFactory] No locking implementation specified, defaulting to 'community'
2016-03-09 19:46:41.740+0000 INFO  [o.n.k.i.DiagnosticsManager] --- INITIALIZED diagnostics START ---
2016-03-09 19:46:41.740+0000 INFO  [o.n.k.i.DiagnosticsManager] Neo4j Kernel properties:
2016-03-09 19:46:41.740+0000 INFO  [o.n.k.i.DiagnosticsManager] org.neo4j.server.db.tuning.properties=/Users/ian/Desktop/project-repo/constituencies.graphdb/neo4j.properties
2016-03-09 19:46:41.740+0000 INFO  [o.n.k.i.DiagnosticsManager] org.neo4j.server.database.location=/Users/ian/Desktop/project-repo/constituencies.graphdb
2016-03-09 19:46:41.740+0000 INFO  [o.n.k.i.DiagnosticsManager] org.neo4j.server.webserver.port=7474
2016-03-09 19:46:41.740+0000 INFO  [o.n.k.i.DiagnosticsManager] dbms.querylog.filename=data/log/queries.log
2016-03-09 19:46:41.741+0000 INFO  [o.n.k.i.DiagnosticsManager] dbms.security.auth_store.location=/Users/ian/Desktop/project-repo/constituencies.graphdb/./dbms/auth
2016-03-09 19:46:41.741+0000 INFO  [o.n.k.i.DiagnosticsManager] org.neo4j.server.http.log.enabled=false
2016-03-09 19:46:41.741+0000 INFO  [o.n.k.i.DiagnosticsManager] dbms.security.tls_certificate_file=/Users/ian/Desktop/project-repo/constituencies.graphdb/./dbms/ssl/snakeoil.cert
2016-03-09 19:46:41.741+0000 INFO  [o.n.k.i.DiagnosticsManager] org.neo4j.server.webserver.https.port=7473
2016-03-09 19:46:41.741+0000 INFO  [o.n.k.i.DiagnosticsManager] remote_shell_enabled=true
2016-03-09 19:46:41.741+0000 INFO  [o.n.k.i.DiagnosticsManager] edition=Community
2016-03-09 19:46:41.741+0000 INFO  [o.n.k.i.DiagnosticsManager] dbms.security.tls_key_file=/Users/ian/Desktop/project-repo/constituencies.graphdb/./dbms/ssl/snakeoil.key
2016-03-09 19:46:41.741+0000 INFO  [o.n.k.i.DiagnosticsManager] dbms.security.auth_enabled=true
2016-03-09 19:46:41.741+0000 INFO  [o.n.k.i.DiagnosticsManager] Diagnostics providers:
2016-03-09 19:46:41.741+0000 INFO  [o.n.k.i.DiagnosticsManager] org.neo4j.kernel.configuration.Config
2016-03-09 19:46:41.741+0000 INFO  [o.n.k.i.DiagnosticsManager] org.neo4j.kernel.info.DiagnosticsManager
2016-03-09 19:46:41.741+0000 INFO  [o.n.k.i.DiagnosticsManager] SYSTEM_MEMORY
2016-03-09 19:46:41.741+0000 INFO  [o.n.k.i.DiagnosticsManager] JAVA_MEMORY
2016-03-09 19:46:41.741+0000 INFO  [o.n.k.i.DiagnosticsManager] OPERATING_SYSTEM
2016-03-09 19:46:41.742+0000 INFO  [o.n.k.i.DiagnosticsManager] JAVA_VIRTUAL_MACHINE
2016-03-09 19:46:41.742+0000 INFO  [o.n.k.i.DiagnosticsManager] CLASSPATH
2016-03-09 19:46:41.742+0000 INFO  [o.n.k.i.DiagnosticsManager] LIBRARY_PATH
2016-03-09 19:46:41.742+0000 INFO  [o.n.k.i.DiagnosticsManager] SYSTEM_PROPERTIES
2016-03-09 19:46:41.742+0000 INFO  [o.n.k.i.DiagnosticsManager] NETWORK
2016-03-09 19:46:41.742+0000 INFO  [o.n.k.i.DiagnosticsManager] System memory information:
2016-03-09 19:46:41.744+0000 INFO  [o.n.k.i.DiagnosticsManager] Total Physical memory: 16.00 GB
2016-03-09 19:46:41.745+0000 INFO  [o.n.k.i.DiagnosticsManager] Free Physical memory: 10.44 GB
2016-03-09 19:46:41.747+0000 INFO  [o.n.k.i.DiagnosticsManager] Committed virtual memory: 6.97 GB
2016-03-09 19:46:41.748+0000 INFO  [o.n.k.i.DiagnosticsManager] Total swap space: 0.00 B
2016-03-09 19:46:41.749+0000 INFO  [o.n.k.i.DiagnosticsManager] Free swap space: 0.00 B
2016-03-09 19:46:41.749+0000 INFO  [o.n.k.i.DiagnosticsManager] JVM memory information:
2016-03-09 19:46:41.749+0000 INFO  [o.n.k.i.DiagnosticsManager] Free  memory: 172.75 MB
2016-03-09 19:46:41.750+0000 INFO  [o.n.k.i.DiagnosticsManager] Total memory: 245.50 MB
2016-03-09 19:46:41.750+0000 INFO  [o.n.k.i.DiagnosticsManager] Max   memory: 3.56 GB
2016-03-09 19:46:41.756+0000 INFO  [o.n.k.i.DiagnosticsManager] Garbage Collector: PS Scavenge: [PS Eden Space, PS Survivor Space]
2016-03-09 19:46:41.756+0000 INFO  [o.n.k.i.DiagnosticsManager] Garbage Collector: PS MarkSweep: [PS Eden Space, PS Survivor Space, PS Old Gen, PS Perm Gen]
2016-03-09 19:46:41.759+0000 INFO  [o.n.k.i.DiagnosticsManager] Memory Pool: Code Cache (Non-heap memory): committed=2.44 MB, used=970.38 kB, max=48.00 MB, threshold=0.00 B
2016-03-09 19:46:41.759+0000 INFO  [o.n.k.i.DiagnosticsManager] Memory Pool: PS Eden Space (Heap memory): committed=64.50 MB, used=43.40 MB, max=1.31 GB, threshold=?
2016-03-09 19:46:41.760+0000 INFO  [o.n.k.i.DiagnosticsManager] Memory Pool: PS Survivor Space (Heap memory): committed=10.50 MB, used=10.48 MB, max=10.50 MB, threshold=?
2016-03-09 19:46:41.760+0000 INFO  [o.n.k.i.DiagnosticsManager] Memory Pool: PS Old Gen (Heap memory): committed=170.50 MB, used=18.87 MB, max=2.67 GB, threshold=0.00 B
2016-03-09 19:46:41.761+0000 INFO  [o.n.k.i.DiagnosticsManager] Memory Pool: PS Perm Gen (Non-heap memory): committed=21.00 MB, used=20.14 MB, max=82.00 MB, threshold=0.00 B
2016-03-09 19:46:41.761+0000 INFO  [o.n.k.i.DiagnosticsManager] Operating system information:
2016-03-09 19:46:41.763+0000 INFO  [o.n.k.i.DiagnosticsManager] Operating System: Mac OS X; version: 10.11.4; arch: x86_64; cpus: 4
2016-03-09 19:46:41.765+0000 INFO  [o.n.k.i.DiagnosticsManager] Max number of file descriptors: 10240
2016-03-09 19:46:41.766+0000 INFO  [o.n.k.i.DiagnosticsManager] Number of open file descriptors: 42
2016-03-09 19:46:41.778+0000 INFO  [o.n.k.i.DiagnosticsManager] Process id: 749@ianmbp.local
2016-03-09 19:46:41.778+0000 INFO  [o.n.k.i.DiagnosticsManager] Byte order: LITTLE_ENDIAN
2016-03-09 19:46:41.779+0000 INFO  [o.n.k.i.DiagnosticsManager] Local timezone: Europe/Dublin
2016-03-09 19:46:41.779+0000 INFO  [o.n.k.i.DiagnosticsManager] JVM information:
2016-03-09 19:46:41.779+0000 INFO  [o.n.k.i.DiagnosticsManager] VM Name: Java HotSpot(TM) 64-Bit Server VM
2016-03-09 19:46:41.779+0000 INFO  [o.n.k.i.DiagnosticsManager] VM Vendor: Oracle Corporation
2016-03-09 19:46:41.779+0000 INFO  [o.n.k.i.DiagnosticsManager] VM Version: 24.80-b11
2016-03-09 19:46:41.779+0000 INFO  [o.n.k.i.DiagnosticsManager] JIT compiler: HotSpot 64-Bit Tiered Compilers
2016-03-09 19:46:41.781+0000 INFO  [o.n.k.i.DiagnosticsManager] VM Arguments: [-Dfile.encoding=UTF-8, -Dinstall4j.launcherId=24, -Dinstall4j.swt=false, -Dexe4j.moduleName=/Applications/Neo4j Community Edition.app, -Di4j.ownBundlePath=/Applications/Neo4j Community Edition.app, -Di4j.jreBundle=/Applications/Neo4j Community Edition.app/Contents/Resources/jre.bundle]
2016-03-09 19:46:41.781+0000 INFO  [o.n.k.i.DiagnosticsManager] Java classpath:
2016-03-09 19:46:41.782+0000 INFO  [o.n.k.i.DiagnosticsManager]  [loader.1] file:/Applications/Neo4j%20Community%20Edition.app/Contents/Resources/jre.bundle/Contents/Home/jre/lib/ext/localedata.jar
2016-03-09 19:46:41.782+0000 INFO  [o.n.k.i.DiagnosticsManager]  [bootstrap] /Applications/Neo4j Community Edition.app/Contents/Resources/jre.bundle/Contents/Home/jre/lib/sunrsasign.jar
2016-03-09 19:46:41.782+0000 INFO  [o.n.k.i.DiagnosticsManager]  [bootstrap] /Applications/Neo4j Community Edition.app/Contents/Resources/jre.bundle/Contents/Home/jre/lib/jce.jar
2016-03-09 19:46:41.782+0000 INFO  [o.n.k.i.DiagnosticsManager]  [loader.0] file:/Applications/Neo4j%20Community%20Edition.app/Contents/Resources/app/.install4j/i4jruntime.jar
2016-03-09 19:46:41.782+0000 INFO  [o.n.k.i.DiagnosticsManager]  [bootstrap] /Applications/Neo4j Community Edition.app/Contents/Resources/jre.bundle/Contents/Home/jre/lib/rt.jar
2016-03-09 19:46:41.782+0000 INFO  [o.n.k.i.DiagnosticsManager]  [loader.0] file:/Applications/Neo4j%20Community%20Edition.app/Contents/Resources/app/bin/neo4j-desktop-2.3.0.jar
2016-03-09 19:46:41.782+0000 INFO  [o.n.k.i.DiagnosticsManager]  [loader.1] file:/System/Library/Java/Extensions/MRJToolkit.jar
2016-03-09 19:46:41.782+0000 INFO  [o.n.k.i.DiagnosticsManager]  [loader.1] file:/Applications/Neo4j%20Community%20Edition.app/Contents/Resources/jre.bundle/Contents/Home/jre/lib/ext/sunjce_provider.jar
2016-03-09 19:46:41.782+0000 INFO  [o.n.k.i.DiagnosticsManager]  [loader.1] file:/Applications/Neo4j%20Community%20Edition.app/Contents/Resources/jre.bundle/Contents/Home/jre/lib/ext/dnsns.jar
2016-03-09 19:46:41.782+0000 INFO  [o.n.k.i.DiagnosticsManager]  [loader.1] file:/Applications/Neo4j%20Community%20Edition.app/Contents/Resources/jre.bundle/Contents/Home/jre/lib/ext/sunec.jar
2016-03-09 19:46:41.782+0000 INFO  [o.n.k.i.DiagnosticsManager]  [loader.1] file:/Applications/Neo4j%20Community%20Edition.app/Contents/Resources/jre.bundle/Contents/Home/jre/lib/ext/zipfs.jar
2016-03-09 19:46:41.782+0000 INFO  [o.n.k.i.DiagnosticsManager]  [loader.1] file:/Applications/Neo4j%20Community%20Edition.app/Contents/Resources/jre.bundle/Contents/Home/jre/lib/ext/sunpkcs11.jar
2016-03-09 19:46:41.782+0000 INFO  [o.n.k.i.DiagnosticsManager]  [classpath] /Applications/Neo4j Community Edition.app/Contents/Resources/app/.install4j/i4jruntime.jar
2016-03-09 19:46:41.782+0000 INFO  [o.n.k.i.DiagnosticsManager]  [bootstrap] /Applications/Neo4j Community Edition.app/Contents/Resources/jre.bundle/Contents/Home/jre/classes
2016-03-09 19:46:41.782+0000 INFO  [o.n.k.i.DiagnosticsManager]  [bootstrap] /Applications/Neo4j Community Edition.app/Contents/Resources/jre.bundle/Contents/Home/jre/lib/jsse.jar
2016-03-09 19:46:41.782+0000 INFO  [o.n.k.i.DiagnosticsManager]  [bootstrap] /Applications/Neo4j Community Edition.app/Contents/Resources/jre.bundle/Contents/Home/jre/lib/charsets.jar
2016-03-09 19:46:41.783+0000 INFO  [o.n.k.i.DiagnosticsManager]  [classpath] /Applications/Neo4j Community Edition.app/Contents/Resources/app/bin/neo4j-desktop-2.3.0.jar
2016-03-09 19:46:41.783+0000 INFO  [o.n.k.i.DiagnosticsManager]  [bootstrap] /Applications/Neo4j Community Edition.app/Contents/Resources/jre.bundle/Contents/Home/jre/lib/resources.jar
2016-03-09 19:46:41.783+0000 INFO  [o.n.k.i.DiagnosticsManager]  [bootstrap] /Applications/Neo4j Community Edition.app/Contents/Resources/jre.bundle/Contents/Home/jre/lib/jfr.jar
2016-03-09 19:46:41.783+0000 INFO  [o.n.k.i.DiagnosticsManager] Library path:
2016-03-09 19:46:41.783+0000 INFO  [o.n.k.i.DiagnosticsManager] /Users/ian/Library/Java/Extensions
2016-03-09 19:46:41.783+0000 INFO  [o.n.k.i.DiagnosticsManager] /Library/Java/Extensions
2016-03-09 19:46:41.783+0000 INFO  [o.n.k.i.DiagnosticsManager] /Network/Library/Java/Extensions
2016-03-09 19:46:41.783+0000 INFO  [o.n.k.i.DiagnosticsManager] /System/Library/Java/Extensions
2016-03-09 19:46:41.783+0000 INFO  [o.n.k.i.DiagnosticsManager] /usr/lib/java
2016-03-09 19:46:41.783+0000 INFO  [o.n.k.i.DiagnosticsManager] /Applications/Neo4j Community Edition.app/Contents/Resources/app/bin
2016-03-09 19:46:41.783+0000 INFO  [o.n.k.i.DiagnosticsManager] System.properties:
2016-03-09 19:46:41.783+0000 INFO  [o.n.k.i.DiagnosticsManager] exe4j.moduleName = /Applications/Neo4j Community Edition.app
2016-03-09 19:46:41.783+0000 INFO  [o.n.k.i.DiagnosticsManager] sun.boot.library.path = /Applications/Neo4j Community Edition.app/Contents/Resources/jre.bundle/Contents/Home/jre/lib
2016-03-09 19:46:41.783+0000 INFO  [o.n.k.i.DiagnosticsManager] user.country.format = IE
2016-03-09 19:46:41.783+0000 INFO  [o.n.k.i.DiagnosticsManager] i4j.jreBundle = /Applications/Neo4j Community Edition.app/Contents/Resources/jre.bundle
2016-03-09 19:46:41.784+0000 INFO  [o.n.k.i.DiagnosticsManager] gopherProxySet = false
2016-03-09 19:46:41.784+0000 INFO  [o.n.k.i.DiagnosticsManager] path.separator = :
2016-03-09 19:46:41.784+0000 INFO  [o.n.k.i.DiagnosticsManager] file.encoding.pkg = sun.io
2016-03-09 19:46:41.784+0000 INFO  [o.n.k.i.DiagnosticsManager] user.country = US
2016-03-09 19:46:41.784+0000 INFO  [o.n.k.i.DiagnosticsManager] sun.java.launcher = SUN_STANDARD
2016-03-09 19:46:41.784+0000 INFO  [o.n.k.i.DiagnosticsManager] sun.os.patch.level = unknown
2016-03-09 19:46:41.784+0000 INFO  [o.n.k.i.DiagnosticsManager] install4j.exeDir = /Applications/
2016-03-09 19:46:41.784+0000 INFO  [o.n.k.i.DiagnosticsManager] user.dir = /Applications/Neo4j Community Edition.app/Contents/Resources/app/bin
2016-03-09 19:46:41.784+0000 INFO  [o.n.k.i.DiagnosticsManager] neo4j.ext.udc.source = desktop
2016-03-09 19:46:41.784+0000 INFO  [o.n.k.i.DiagnosticsManager] i4j.ownBundlePath = /Applications/Neo4j Community Edition.app
2016-03-09 19:46:41.784+0000 INFO  [o.n.k.i.DiagnosticsManager] sun.jnu.encoding = UTF-8
2016-03-09 19:46:41.784+0000 INFO  [o.n.k.i.DiagnosticsManager] sun.awt.enableExtraMouseButtons = true
2016-03-09 19:46:41.784+0000 INFO  [o.n.k.i.DiagnosticsManager] install4j.launcherId = 24
2016-03-09 19:46:41.784+0000 INFO  [o.n.k.i.DiagnosticsManager] sun.management.compiler = HotSpot 64-Bit Tiered Compilers
2016-03-09 19:46:41.784+0000 INFO  [o.n.k.i.DiagnosticsManager] install4j.swt = false
2016-03-09 19:46:41.784+0000 INFO  [o.n.k.i.DiagnosticsManager] apple.awt.fileDialogForDirectories = false
2016-03-09 19:46:41.784+0000 INFO  [o.n.k.i.DiagnosticsManager] http.nonProxyHosts = local|*.local|169.254/16|*.169.254/16
2016-03-09 19:46:41.784+0000 INFO  [o.n.k.i.DiagnosticsManager] user.home = /Users/ian
2016-03-09 19:46:41.784+0000 INFO  [o.n.k.i.DiagnosticsManager] user.timezone = Europe/Dublin
2016-03-09 19:46:41.784+0000 INFO  [o.n.k.i.DiagnosticsManager] file.encoding = UTF-8
2016-03-09 19:46:41.785+0000 INFO  [o.n.k.i.DiagnosticsManager] user.name = ian
2016-03-09 19:46:41.785+0000 INFO  [o.n.k.i.DiagnosticsManager] sun.java.command = com.install4j.runtime.launcher.MacLauncher
2016-03-09 19:46:41.785+0000 INFO  [o.n.k.i.DiagnosticsManager] sun.arch.data.model = 64
2016-03-09 19:46:41.785+0000 INFO  [o.n.k.i.DiagnosticsManager] user.language = en
2016-03-09 19:46:41.785+0000 INFO  [o.n.k.i.DiagnosticsManager] awt.toolkit = sun.lwawt.macosx.LWCToolkit
2016-03-09 19:46:41.785+0000 INFO  [o.n.k.i.DiagnosticsManager] install4j.appDir = /Applications/Neo4j Community Edition.app/Contents/Resources/app/
2016-03-09 19:46:41.785+0000 INFO  [o.n.k.i.DiagnosticsManager] file.separator = /
2016-03-09 19:46:41.785+0000 INFO  [o.n.k.i.DiagnosticsManager] sun.font.fontmanager = sun.font.CFontManager
2016-03-09 19:46:41.785+0000 INFO  [o.n.k.i.DiagnosticsManager] sun.io.unicode.encoding = UnicodeBig
2016-03-09 19:46:41.785+0000 INFO  [o.n.k.i.DiagnosticsManager] sun.cpu.endian = little
2016-03-09 19:46:41.785+0000 INFO  [o.n.k.i.DiagnosticsManager] socksNonProxyHosts = local|*.local|169.254/16|*.169.254/16
2016-03-09 19:46:41.785+0000 INFO  [o.n.k.i.DiagnosticsManager] ftp.nonProxyHosts = local|*.local|169.254/16|*.169.254/16
2016-03-09 19:46:41.785+0000 INFO  [o.n.k.i.DiagnosticsManager] sun.cpu.isalist = 
2016-03-09 19:46:41.785+0000 INFO  [o.n.k.i.DiagnosticsManager] Network information:
2016-03-09 19:46:41.793+0000 INFO  [o.n.k.i.DiagnosticsManager] Interface awdl0:
2016-03-09 19:46:41.794+0000 INFO  [o.n.k.i.DiagnosticsManager]     address: fe80:0:0:0:c8b1:edff:fe66:2000%8
2016-03-09 19:46:41.794+0000 INFO  [o.n.k.i.DiagnosticsManager] Interface en0:
2016-03-09 19:46:41.794+0000 INFO  [o.n.k.i.DiagnosticsManager]     address: fe80:0:0:0:a299:9bff:fe0b:5d15%4
2016-03-09 19:46:41.795+0000 INFO  [o.n.k.i.DiagnosticsManager]     address: 192.168.1.56
2016-03-09 19:46:41.795+0000 INFO  [o.n.k.i.DiagnosticsManager] Interface lo0:
2016-03-09 19:46:41.795+0000 INFO  [o.n.k.i.DiagnosticsManager]     address: fe80:0:0:0:0:0:0:1%1
2016-03-09 19:46:41.795+0000 INFO  [o.n.k.i.DiagnosticsManager]     address: 0:0:0:0:0:0:0:1
2016-03-09 19:46:41.795+0000 INFO  [o.n.k.i.DiagnosticsManager]     address: 127.0.0.1
2016-03-09 19:46:41.795+0000 INFO  [o.n.k.i.DiagnosticsManager] --- INITIALIZED diagnostics END ---
2016-03-09 19:46:42.245+0000 INFO  [o.n.k.a.i.i.LuceneLabelScanStore] No lucene scan store index found, this might just be first use. Preparing to rebuild.
2016-03-09 19:46:42.326+0000 INFO  [o.n.k.NeoStoreDataSource] Opened logical log [/Users/ian/Desktop/project-repo/constituencies.graphdb/neostore.transaction.db.0] version=0, lastTxId=1 (clean)
2016-03-09 19:46:42.332+0000 WARN  [o.n.k.i.s.MetaDataStore] Missing counts store, rebuilding it.
2016-03-09 19:46:42.432+0000 INFO  [o.n.k.a.i.i.LuceneLabelScanStore] Rebuilding lucene scan store, this may take a while
2016-03-09 19:46:42.499+0000 INFO  [o.n.k.a.i.i.LuceneLabelScanStore] Lucene scan store rebuilt (roughly -1 nodes)
2016-03-09 19:46:42.505+0000 INFO  [o.n.k.KernelHealth] Kernel health set to OK
2016-03-09 19:46:43.412+0000 INFO  [o.n.k.i.f.CommunityFacadeFactory] Database is now ready
2016-03-09 19:46:43.414+0000 INFO  [o.n.k.i.DiagnosticsManager] --- STARTED diagnostics for KernelDiagnostics:Versions START ---
2016-03-09 19:46:43.414+0000 INFO  [o.n.k.i.DiagnosticsManager] Graph Database: Community StoreId{creationTime=1457552802092, randomId=1977946274690558294, storeVersion=15250506225055238, upgradeTime=1457552802092, upgradeId=1}
2016-03-09 19:46:43.414+0000 INFO  [o.n.k.i.DiagnosticsManager] Kernel version: 2.3.0
2016-03-09 19:46:43.414+0000 INFO  [o.n.k.i.DiagnosticsManager] --- STARTED diagnostics for KernelDiagnostics:Versions END ---
2016-03-09 19:46:43.417+0000 INFO  [o.n.k.i.DiagnosticsManager] --- STARTED diagnostics for NEO_STORE_VERSIONS START ---
2016-03-09 19:46:43.417+0000 INFO  [o.n.k.i.DiagnosticsManager] Store versions:
2016-03-09 19:46:43.417+0000 INFO  [o.n.k.i.DiagnosticsManager] Store versions:
2016-03-09 19:46:43.417+0000 INFO  [o.n.k.i.DiagnosticsManager] ArrayPropertyStore v0.A.6
2016-03-09 19:46:43.418+0000 INFO  [o.n.k.i.DiagnosticsManager] NodeStore v0.A.6
2016-03-09 19:46:43.418+0000 INFO  [o.n.k.i.DiagnosticsManager] StringPropertyStore v0.A.6
2016-03-09 19:46:43.418+0000 INFO  [o.n.k.i.DiagnosticsManager] PropertyIndexStore v0.A.6
2016-03-09 19:46:43.418+0000 INFO  [o.n.k.i.DiagnosticsManager] StringPropertyStore v0.A.6
2016-03-09 19:46:43.418+0000 INFO  [o.n.k.i.DiagnosticsManager] ArrayPropertyStore v0.A.6
2016-03-09 19:46:43.418+0000 INFO  [o.n.k.i.DiagnosticsManager] PropertyStore v0.A.6
2016-03-09 19:46:43.418+0000 INFO  [o.n.k.i.DiagnosticsManager] RelationshipStore v0.A.6
2016-03-09 19:46:43.418+0000 INFO  [o.n.k.i.DiagnosticsManager] StringPropertyStore v0.A.6
2016-03-09 19:46:43.418+0000 INFO  [o.n.k.i.DiagnosticsManager] RelationshipTypeStore v0.A.6
2016-03-09 19:46:43.418+0000 INFO  [o.n.k.i.DiagnosticsManager] StringPropertyStore v0.A.6
2016-03-09 19:46:43.418+0000 INFO  [o.n.k.i.DiagnosticsManager] LabelTokenStore v0.A.6
2016-03-09 19:46:43.419+0000 INFO  [o.n.k.i.DiagnosticsManager] SchemaStore v0.A.6
2016-03-09 19:46:43.419+0000 INFO  [o.n.k.i.DiagnosticsManager] RelationshipGroupStore v0.A.6
2016-03-09 19:46:43.419+0000 INFO  [o.n.k.i.DiagnosticsManager] NeoStore v0.A.6
2016-03-09 19:46:43.419+0000 INFO  [o.n.k.i.DiagnosticsManager] --- STARTED diagnostics for NEO_STORE_VERSIONS END ---
2016-03-09 19:46:43.419+0000 INFO  [o.n.k.i.DiagnosticsManager] --- STARTED diagnostics for NEO_STORE_ID_USAGE START ---
2016-03-09 19:46:43.419+0000 INFO  [o.n.k.i.DiagnosticsManager] Id usage:
2016-03-09 19:46:43.419+0000 INFO  [o.n.k.i.DiagnosticsManager] Id usage:
2016-03-09 19:46:43.419+0000 INFO  [o.n.k.i.DiagnosticsManager]   ArrayPropertyStore v0.A.6: used=1 high=0
2016-03-09 19:46:43.420+0000 INFO  [o.n.k.i.DiagnosticsManager]   NodeStore v0.A.6: used=0 high=-1
2016-03-09 19:46:43.420+0000 INFO  [o.n.k.i.DiagnosticsManager]   StringPropertyStore v0.A.6: used=1 high=0
2016-03-09 19:46:43.420+0000 INFO  [o.n.k.i.DiagnosticsManager]   PropertyIndexStore v0.A.6: used=0 high=-1
2016-03-09 19:46:43.420+0000 INFO  [o.n.k.i.DiagnosticsManager]   StringPropertyStore v0.A.6: used=1 high=0
2016-03-09 19:46:43.420+0000 INFO  [o.n.k.i.DiagnosticsManager]   ArrayPropertyStore v0.A.6: used=1 high=0
2016-03-09 19:46:43.421+0000 INFO  [o.n.k.i.DiagnosticsManager]   PropertyStore v0.A.6: used=0 high=-1
2016-03-09 19:46:43.421+0000 INFO  [o.n.k.i.DiagnosticsManager]   RelationshipStore v0.A.6: used=0 high=-1
2016-03-09 19:46:43.421+0000 INFO  [o.n.k.i.DiagnosticsManager]   StringPropertyStore v0.A.6: used=1 high=0
2016-03-09 19:46:43.421+0000 INFO  [o.n.k.i.DiagnosticsManager]   RelationshipTypeStore v0.A.6: used=0 high=-1
2016-03-09 19:46:43.421+0000 INFO  [o.n.k.i.DiagnosticsManager]   StringPropertyStore v0.A.6: used=1 high=0
2016-03-09 19:46:43.422+0000 INFO  [o.n.k.i.DiagnosticsManager]   LabelTokenStore v0.A.6: used=0 high=-1
2016-03-09 19:46:43.422+0000 INFO  [o.n.k.i.DiagnosticsManager]   SchemaStore v0.A.6: used=1 high=0
2016-03-09 19:46:43.422+0000 INFO  [o.n.k.i.DiagnosticsManager]   RelationshipGroupStore v0.A.6: used=1 high=0
2016-03-09 19:46:43.422+0000 INFO  [o.n.k.i.DiagnosticsManager]   NeoStore v0.A.6: used=13 high=12
2016-03-09 19:46:43.422+0000 INFO  [o.n.k.i.DiagnosticsManager] --- STARTED diagnostics for NEO_STORE_ID_USAGE END ---
2016-03-09 19:46:43.422+0000 INFO  [o.n.k.i.DiagnosticsManager] --- STARTED diagnostics for NEO_STORE_RECORDS START ---
2016-03-09 19:46:43.423+0000 INFO  [o.n.k.i.DiagnosticsManager] Neostore records:
2016-03-09 19:46:43.423+0000 INFO  [o.n.k.i.DiagnosticsManager] TIME (Creation time): 1457552802092
2016-03-09 19:46:43.423+0000 INFO  [o.n.k.i.DiagnosticsManager] RANDOM_NUMBER (Random number for store id): 1977946274690558294
2016-03-09 19:46:43.423+0000 INFO  [o.n.k.i.DiagnosticsManager] LOG_VERSION (Current log version): 0
2016-03-09 19:46:43.423+0000 INFO  [o.n.k.i.DiagnosticsManager] LAST_TRANSACTION_ID (Last committed transaction): 1
2016-03-09 19:46:43.423+0000 INFO  [o.n.k.i.DiagnosticsManager] STORE_VERSION (Store format version): 15250506225055238
2016-03-09 19:46:43.423+0000 INFO  [o.n.k.i.DiagnosticsManager] FIRST_GRAPH_PROPERTY (First property record containing graph properties): -1
2016-03-09 19:46:43.423+0000 INFO  [o.n.k.i.DiagnosticsManager] LAST_CONSTRAINT_TRANSACTION (Last committed transaction containing constraint changes): 0
2016-03-09 19:46:43.424+0000 INFO  [o.n.k.i.DiagnosticsManager] UPGRADE_TRANSACTION_ID (Transaction id most recent upgrade was performed at): 1
2016-03-09 19:46:43.424+0000 INFO  [o.n.k.i.DiagnosticsManager] UPGRADE_TIME (Time of last upgrade): 1457552802092
2016-03-09 19:46:43.424+0000 INFO  [o.n.k.i.DiagnosticsManager] LAST_TRANSACTION_CHECKSUM (Checksum of last committed transaction): 0
2016-03-09 19:46:43.424+0000 INFO  [o.n.k.i.DiagnosticsManager] UPGRADE_TRANSACTION_CHECKSUM (Checksum of transaction id the most recent upgrade was performed at): 0
2016-03-09 19:46:43.424+0000 INFO  [o.n.k.i.DiagnosticsManager] LAST_CLOSED_TRANSACTION_LOG_VERSION (Log version where the last transaction commit entry has been written into): 0
2016-03-09 19:46:43.424+0000 INFO  [o.n.k.i.DiagnosticsManager] LAST_CLOSED_TRANSACTION_LOG_BYTE_OFFSET (Byte offset in the log file where the last transaction commit entry has been written into): 16
2016-03-09 19:46:43.424+0000 INFO  [o.n.k.i.DiagnosticsManager] --- STARTED diagnostics for NEO_STORE_RECORDS END ---
2016-03-09 19:46:43.424+0000 INFO  [o.n.k.i.DiagnosticsManager] --- STARTED diagnostics for TRANSACTION_RANGE START ---
2016-03-09 19:46:43.424+0000 INFO  [o.n.k.i.DiagnosticsManager] Transaction log:
2016-03-09 19:46:43.425+0000 INFO  [o.n.k.i.DiagnosticsManager] No transactions found in any log
2016-03-09 19:46:43.425+0000 INFO  [o.n.k.i.DiagnosticsManager] --- STARTED diagnostics for TRANSACTION_RANGE END ---
2016-03-09 19:46:43.425+0000 INFO  [o.n.k.i.DiagnosticsManager] --- STARTED diagnostics for KernelDiagnostics:StoreFiles START ---
2016-03-09 19:46:43.425+0000 INFO  [o.n.k.i.DiagnosticsManager] Disk space on partition (Total / Free / Free %): 120108089344 / 10411618304 / 8
Storage files: (filename : modification date - size)
2016-03-09 19:46:43.426+0000 INFO  [o.n.k.i.DiagnosticsManager]   dbms:
2016-03-09 19:46:43.426+0000 INFO  [o.n.k.i.DiagnosticsManager]     ssl:
2016-03-09 19:46:43.427+0000 INFO  [o.n.k.i.DiagnosticsManager]       snakeoil.cert: 2016-03-09T19:46:41+0000 - 630.00 B
2016-03-09 19:46:43.427+0000 INFO  [o.n.k.i.DiagnosticsManager]       snakeoil.key: 2016-03-09T19:46:41+0000 - 914.00 B
2016-03-09 19:46:43.427+0000 INFO  [o.n.k.i.DiagnosticsManager]     - Total: 2016-03-09T19:46:41+0000 - 1.51 kB
2016-03-09 19:46:43.428+0000 INFO  [o.n.k.i.DiagnosticsManager]   - Total: 2016-03-09T19:46:41+0000 - 1.51 kB
2016-03-09 19:46:43.428+0000 INFO  [o.n.k.i.DiagnosticsManager]   index:
2016-03-09 19:46:43.428+0000 INFO  [o.n.k.i.DiagnosticsManager]   - Total: 2016-03-09T19:46:42+0000 - 0.00 B
2016-03-09 19:46:43.428+0000 INFO  [o.n.k.i.DiagnosticsManager]   messages.log: 2016-03-09T19:46:43+0000 - 23.74 kB
2016-03-09 19:46:43.429+0000 INFO  [o.n.k.i.DiagnosticsManager]   neo4j.properties: 2016-03-09T19:46:40+0000 - 1.27 kB
2016-03-09 19:46:43.429+0000 INFO  [o.n.k.i.DiagnosticsManager]   neostore: 2016-03-09T19:46:42+0000 - 8.00 kB
2016-03-09 19:46:43.429+0000 INFO  [o.n.k.i.DiagnosticsManager]   neostore.counts.db.a: 2016-03-09T19:46:42+0000 - 96.00 B
2016-03-09 19:46:43.430+0000 INFO  [o.n.k.i.DiagnosticsManager]   neostore.id: 2016-03-09T19:46:42+0000 - 9.00 B
2016-03-09 19:46:43.430+0000 INFO  [o.n.k.i.DiagnosticsManager]   neostore.labeltokenstore.db: 2016-03-09T19:46:42+0000 - 0.00 B
2016-03-09 19:46:43.430+0000 INFO  [o.n.k.i.DiagnosticsManager]   neostore.labeltokenstore.db.id: 2016-03-09T19:46:42+0000 - 9.00 B
2016-03-09 19:46:43.431+0000 INFO  [o.n.k.i.DiagnosticsManager]   neostore.labeltokenstore.db.names: 2016-03-09T19:46:42+0000 - 8.00 kB
2016-03-09 19:46:43.431+0000 INFO  [o.n.k.i.DiagnosticsManager]   neostore.labeltokenstore.db.names.id: 2016-03-09T19:46:42+0000 - 9.00 B
2016-03-09 19:46:43.431+0000 INFO  [o.n.k.i.DiagnosticsManager]   neostore.nodestore.db: 2016-03-09T19:46:41+0000 - 0.00 B
2016-03-09 19:46:43.432+0000 INFO  [o.n.k.i.DiagnosticsManager]   neostore.nodestore.db.id: 2016-03-09T19:46:41+0000 - 9.00 B
2016-03-09 19:46:43.432+0000 INFO  [o.n.k.i.DiagnosticsManager]   neostore.nodestore.db.labels: 2016-03-09T19:46:41+0000 - 8.00 kB
2016-03-09 19:46:43.432+0000 INFO  [o.n.k.i.DiagnosticsManager]   neostore.nodestore.db.labels.id: 2016-03-09T19:46:41+0000 - 9.00 B
2016-03-09 19:46:43.432+0000 INFO  [o.n.k.i.DiagnosticsManager]   neostore.propertystore.db: 2016-03-09T19:46:42+0000 - 0.00 B
2016-03-09 19:46:43.433+0000 INFO  [o.n.k.i.DiagnosticsManager]   neostore.propertystore.db.arrays: 2016-03-09T19:46:42+0000 - 8.00 kB
2016-03-09 19:46:43.433+0000 INFO  [o.n.k.i.DiagnosticsManager]   neostore.propertystore.db.arrays.id: 2016-03-09T19:46:42+0000 - 9.00 B
2016-03-09 19:46:43.433+0000 INFO  [o.n.k.i.DiagnosticsManager]   neostore.propertystore.db.id: 2016-03-09T19:46:42+0000 - 9.00 B
2016-03-09 19:46:43.433+0000 INFO  [o.n.k.i.DiagnosticsManager]   neostore.propertystore.db.index: 2016-03-09T19:46:42+0000 - 0.00 B
2016-03-09 19:46:43.433+0000 INFO  [o.n.k.i.DiagnosticsManager]   neostore.propertystore.db.index.id: 2016-03-09T19:46:42+0000 - 9.00 B
2016-03-09 19:46:43.434+0000 INFO  [o.n.k.i.DiagnosticsManager]   neostore.propertystore.db.index.keys: 2016-03-09T19:46:42+0000 - 8.00 kB
2016-03-09 19:46:43.434+0000 INFO  [o.n.k.i.DiagnosticsManager]   neostore.propertystore.db.index.keys.id: 2016-03-09T19:46:42+0000 - 9.00 B
2016-03-09 19:46:43.434+0000 INFO  [o.n.k.i.DiagnosticsManager]   neostore.propertystore.db.strings: 2016-03-09T19:46:42+0000 - 8.00 kB
2016-03-09 19:46:43.434+0000 INFO  [o.n.k.i.DiagnosticsManager]   neostore.propertystore.db.strings.id: 2016-03-09T19:46:42+0000 - 9.00 B
2016-03-09 19:46:43.435+0000 INFO  [o.n.k.i.DiagnosticsManager]   neostore.relationshipgroupstore.db: 2016-03-09T19:46:42+0000 - 8.00 kB
2016-03-09 19:46:43.435+0000 INFO  [o.n.k.i.DiagnosticsManager]   neostore.relationshipgroupstore.db.id: 2016-03-09T19:46:42+0000 - 9.00 B
2016-03-09 19:46:43.435+0000 INFO  [o.n.k.i.DiagnosticsManager]   neostore.relationshipstore.db: 2016-03-09T19:46:42+0000 - 0.00 B
2016-03-09 19:46:43.436+0000 INFO  [o.n.k.i.DiagnosticsManager]   neostore.relationshipstore.db.id: 2016-03-09T19:46:42+0000 - 9.00 B
2016-03-09 19:46:43.436+0000 INFO  [o.n.k.i.DiagnosticsManager]   neostore.relationshiptypestore.db: 2016-03-09T19:46:42+0000 - 0.00 B
2016-03-09 19:46:43.436+0000 INFO  [o.n.k.i.DiagnosticsManager]   neostore.relationshiptypestore.db.id: 2016-03-09T19:46:42+0000 - 9.00 B
2016-03-09 19:46:43.437+0000 INFO  [o.n.k.i.DiagnosticsManager]   neostore.relationshiptypestore.db.names: 2016-03-09T19:46:42+0000 - 8.00 kB
2016-03-09 19:46:43.437+0000 INFO  [o.n.k.i.DiagnosticsManager]   neostore.relationshiptypestore.db.names.id: 2016-03-09T19:46:42+0000 - 9.00 B
2016-03-09 19:46:43.437+0000 INFO  [o.n.k.i.DiagnosticsManager]   neostore.schemastore.db: 2016-03-09T19:46:42+0000 - 8.00 kB
2016-03-09 19:46:43.437+0000 INFO  [o.n.k.i.DiagnosticsManager]   neostore.schemastore.db.id: 2016-03-09T19:46:42+0000 - 9.00 B
2016-03-09 19:46:43.438+0000 INFO  [o.n.k.i.DiagnosticsManager]   neostore.transaction.db.0: 2016-03-09T19:46:42+0000 - 16.00 B
2016-03-09 19:46:43.438+0000 INFO  [o.n.k.i.DiagnosticsManager]   schema:
2016-03-09 19:46:43.438+0000 INFO  [o.n.k.i.DiagnosticsManager]     label:
2016-03-09 19:46:43.438+0000 INFO  [o.n.k.i.DiagnosticsManager]       lucene:
2016-03-09 19:46:43.438+0000 INFO  [o.n.k.i.DiagnosticsManager]         write.lock: 2016-03-09T19:46:42+0000 - 0.00 B
2016-03-09 19:46:43.438+0000 INFO  [o.n.k.i.DiagnosticsManager]       - Total: 2016-03-09T19:46:42+0000 - 0.00 B
2016-03-09 19:46:43.439+0000 INFO  [o.n.k.i.DiagnosticsManager]     - Total: 2016-03-09T19:46:42+0000 - 0.00 B
2016-03-09 19:46:43.439+0000 INFO  [o.n.k.i.DiagnosticsManager]   - Total: 2016-03-09T19:46:42+0000 - 0.00 B
2016-03-09 19:46:43.439+0000 INFO  [o.n.k.i.DiagnosticsManager]   store_lock: 2016-03-09T19:46:41+0000 - 0.00 B
2016-03-09 19:46:43.439+0000 INFO  [o.n.k.i.DiagnosticsManager] --- STARTED diagnostics for KernelDiagnostics:StoreFiles END ---
2016-03-09 19:46:45.028+0000 INFO  [o.n.k.i.DiagnosticsManager] --- SERVER STARTED START ---
2016-03-09 19:46:46.561+0000 INFO  [o.n.k.i.DiagnosticsManager] --- SERVER STARTED END ---
2016-03-09 19:46:54.861+0000 INFO  [o.n.k.i.f.GraphDatabaseFacade] Shutdown started
2016-03-09 19:46:54.861+0000 INFO  [o.n.k.i.f.CommunityFacadeFactory] Database is now unavailable
2016-03-09 19:46:54.867+0000 INFO  [o.n.k.i.t.l.c.CheckPointerImpl] Check Pointing triggered by database shutdown [1]:  Starting check pointing...
2016-03-09 19:46:54.867+0000 INFO  [o.n.k.i.t.l.c.CheckPointerImpl] Check Pointing triggered by database shutdown [1]:  Starting store flush...
2016-03-09 19:46:54.867+0000 INFO  [o.n.k.i.t.l.c.CheckPointerImpl] Check Pointing triggered by database shutdown [1]:  Store flush completed
2016-03-09 19:46:54.867+0000 INFO  [o.n.k.i.t.l.c.CheckPointerImpl] Check Pointing triggered by database shutdown [1]:  Starting appending check point entry into the tx log...
2016-03-09 19:46:54.886+0000 INFO  [o.n.k.i.t.l.c.CheckPointerImpl] Check Pointing triggered by database shutdown [1]:  Appending check point entry into the tx log completed
2016-03-09 19:46:54.886+0000 INFO  [o.n.k.i.t.l.c.CheckPointerImpl] Check Pointing triggered by database shutdown [1]:  Check pointing completed
2016-03-09 19:46:54.887+0000 INFO  [o.n.k.i.t.l.p.LogPruningImpl] Log Rotation [0]:  Starting log pruning.
2016-03-09 19:46:54.887+0000 INFO  [o.n.k.i.t.l.p.LogPruningImpl] Log Rotation [0]:  Log pruning complete.
2016-03-09 19:46:54.896+0000 INFO  [o.n.k.NeoStoreDataSource] NeoStores closed
2016-03-09 19:46:54.896+0000 INFO  [o.n.k.i.DiagnosticsManager] --- STOPPING diagnostics START ---
2016-03-09 19:46:54.896+0000 INFO  [o.n.k.i.DiagnosticsManager] --- STOPPING diagnostics END ---
2016-04-09 15:08:21.076+0000 INFO  [o.n.k.i.f.CommunityFacadeFactory] No locking implementation specified, defaulting to 'community'
2016-04-09 15:08:21.079+0000 INFO  [o.n.k.AvailabilityGuard] Requirement makes database unavailable: Database available
2016-04-09 15:08:21.080+0000 INFO  [o.n.k.i.DiagnosticsManager] --- INITIALIZED diagnostics START ---
2016-04-09 15:08:21.080+0000 INFO  [o.n.k.i.DiagnosticsManager] Neo4j Kernel properties:
2016-04-09 15:08:21.080+0000 INFO  [o.n.k.i.DiagnosticsManager] org.neo4j.server.db.tuning.properties=C:\Users\Wilson\Documents\GitHub\project-template\constituencies.graphdb\neo4j.properties
2016-04-09 15:08:21.080+0000 INFO  [o.n.k.i.DiagnosticsManager] org.neo4j.server.database.location=C:\Users\Wilson\Documents\GitHub\project-template\constituencies.graphdb
2016-04-09 15:08:21.080+0000 INFO  [o.n.k.i.DiagnosticsManager] dbms.querylog.filename=data/log/queries.log
2016-04-09 15:08:21.080+0000 INFO  [o.n.k.i.DiagnosticsManager] dbms.security.auth_store.location=C:\Users\Wilson\Documents\GitHub\project-template\constituencies.graphdb\.\dbms\auth
2016-04-09 15:08:21.080+0000 INFO  [o.n.k.i.DiagnosticsManager] dbms.security.tls_certificate_file=C:\Users\Wilson\Documents\GitHub\project-template\constituencies.graphdb\.\dbms\ssl\snakeoil.cert
2016-04-09 15:08:21.080+0000 INFO  [o.n.k.i.DiagnosticsManager] remote_shell_enabled=true
2016-04-09 15:08:21.080+0000 INFO  [o.n.k.i.DiagnosticsManager] edition=Community
2016-04-09 15:08:21.080+0000 INFO  [o.n.k.i.DiagnosticsManager] dbms.security.tls_key_file=C:\Users\Wilson\Documents\GitHub\project-template\constituencies.graphdb\.\dbms\ssl\snakeoil.key
2016-04-09 15:08:21.080+0000 INFO  [o.n.k.i.DiagnosticsManager] Diagnostics providers:
2016-04-09 15:08:21.080+0000 INFO  [o.n.k.i.DiagnosticsManager] org.neo4j.kernel.configuration.Config
2016-04-09 15:08:21.080+0000 INFO  [o.n.k.i.DiagnosticsManager] org.neo4j.kernel.info.DiagnosticsManager
2016-04-09 15:08:21.080+0000 INFO  [o.n.k.i.DiagnosticsManager] SYSTEM_MEMORY
2016-04-09 15:08:21.080+0000 INFO  [o.n.k.i.DiagnosticsManager] JAVA_MEMORY
2016-04-09 15:08:21.080+0000 INFO  [o.n.k.i.DiagnosticsManager] OPERATING_SYSTEM
2016-04-09 15:08:21.080+0000 INFO  [o.n.k.i.DiagnosticsManager] JAVA_VIRTUAL_MACHINE
2016-04-09 15:08:21.080+0000 INFO  [o.n.k.i.DiagnosticsManager] CLASSPATH
2016-04-09 15:08:21.080+0000 INFO  [o.n.k.i.DiagnosticsManager] LIBRARY_PATH
2016-04-09 15:08:21.081+0000 INFO  [o.n.k.i.DiagnosticsManager] SYSTEM_PROPERTIES
2016-04-09 15:08:21.081+0000 INFO  [o.n.k.i.DiagnosticsManager] NETWORK
2016-04-09 15:08:21.081+0000 INFO  [o.n.k.i.DiagnosticsManager] System memory information:
2016-04-09 15:08:21.081+0000 INFO  [o.n.k.i.DiagnosticsManager] Total Physical memory: 15.91 GB
2016-04-09 15:08:21.081+0000 INFO  [o.n.k.i.DiagnosticsManager] Free Physical memory: 8.40 GB
2016-04-09 15:08:21.081+0000 INFO  [o.n.k.i.DiagnosticsManager] Committed virtual memory: 1.77 GB
2016-04-09 15:08:21.081+0000 INFO  [o.n.k.i.DiagnosticsManager] Total swap space: 18.29 GB
2016-04-09 15:08:21.081+0000 INFO  [o.n.k.i.DiagnosticsManager] Free swap space: 8.52 GB
2016-04-09 15:08:21.081+0000 INFO  [o.n.k.i.DiagnosticsManager] JVM memory information:
2016-04-09 15:08:21.081+0000 INFO  [o.n.k.i.DiagnosticsManager] Free  memory: 888.72 MB
2016-04-09 15:08:21.081+0000 INFO  [o.n.k.i.DiagnosticsManager] Total memory: 1.42 GB
2016-04-09 15:08:21.082+0000 INFO  [o.n.k.i.DiagnosticsManager] Max   memory: 3.54 GB
2016-04-09 15:08:21.082+0000 INFO  [o.n.k.i.DiagnosticsManager] Garbage Collector: PS Scavenge: [PS Eden Space, PS Survivor Space]
2016-04-09 15:08:21.082+0000 INFO  [o.n.k.i.DiagnosticsManager] Garbage Collector: PS MarkSweep: [PS Eden Space, PS Survivor Space, PS Old Gen, PS Perm Gen]
2016-04-09 15:08:21.082+0000 INFO  [o.n.k.i.DiagnosticsManager] Memory Pool: Code Cache (Non-heap memory): committed=5.81 MB, used=5.68 MB, max=48.00 MB, threshold=0.00 B
2016-04-09 15:08:21.082+0000 INFO  [o.n.k.i.DiagnosticsManager] Memory Pool: PS Eden Space (Heap memory): committed=1.24 GB, used=426.97 MB, max=1.28 GB, threshold=?
2016-04-09 15:08:21.082+0000 INFO  [o.n.k.i.DiagnosticsManager] Memory Pool: PS Survivor Space (Heap memory): committed=13.00 MB, used=12.64 MB, max=13.00 MB, threshold=?
2016-04-09 15:08:21.082+0000 INFO  [o.n.k.i.DiagnosticsManager] Memory Pool: PS Old Gen (Heap memory): committed=169.50 MB, used=127.17 MB, max=2.65 GB, threshold=0.00 B
2016-04-09 15:08:21.082+0000 INFO  [o.n.k.i.DiagnosticsManager] Memory Pool: PS Perm Gen (Non-heap memory): committed=82.00 MB, used=64.11 MB, max=82.00 MB, threshold=0.00 B
2016-04-09 15:08:21.082+0000 INFO  [o.n.k.i.DiagnosticsManager] Operating system information:
2016-04-09 15:08:21.082+0000 INFO  [o.n.k.i.DiagnosticsManager] Operating System: Windows 8.1; version: 6.3; arch: amd64; cpus: 4
2016-04-09 15:08:21.083+0000 INFO  [o.n.k.i.DiagnosticsManager] Process id: 20244@Wilson-Note
2016-04-09 15:08:21.083+0000 INFO  [o.n.k.i.DiagnosticsManager] Byte order: LITTLE_ENDIAN
2016-04-09 15:08:21.083+0000 INFO  [o.n.k.i.DiagnosticsManager] Local timezone: Europe/London
2016-04-09 15:08:21.083+0000 INFO  [o.n.k.i.DiagnosticsManager] JVM information:
2016-04-09 15:08:21.083+0000 INFO  [o.n.k.i.DiagnosticsManager] VM Name: Java HotSpot(TM) 64-Bit Server VM
2016-04-09 15:08:21.083+0000 INFO  [o.n.k.i.DiagnosticsManager] VM Vendor: Oracle Corporation
2016-04-09 15:08:21.083+0000 INFO  [o.n.k.i.DiagnosticsManager] VM Version: 24.80-b11
2016-04-09 15:08:21.083+0000 INFO  [o.n.k.i.DiagnosticsManager] JIT compiler: HotSpot 64-Bit Tiered Compilers
2016-04-09 15:08:21.083+0000 INFO  [o.n.k.i.DiagnosticsManager] VM Arguments: [-Dexe4j.semaphoreName=Local\c:_program_files_neo4j_ce_2.3.3_bin_neo4j-ce.exe, -Dexe4j.isInstall4j=true, -Dexe4j.moduleName=C:\Program Files\Neo4j CE 2.3.3\bin\neo4j-ce.exe, -Dexe4j.tempDir=, -Dexe4j.unextractedPosition=0, -Djava.library.path=C:\ProgramData\Oracle\Java\javapath;C:\Program Files (x86)\Intel\iCLS Client\;C:\Program Files\Intel\iCLS Client\;C:\WINDOWS\system32;C:\WINDOWS;C:\WINDOWS\System32\Wbem;C:\WINDOWS\System32\WindowsPowerShell\v1.0\;C:\Program Files\Intel\Intel(R) Management Engine Components\DAL;C:\Program Files (x86)\Intel\Intel(R) Management Engine Components\DAL;C:\Program Files\Intel\Intel(R) Management Engine Components\IPT;C:\Program Files (x86)\Intel\Intel(R) Management Engine Components\IPT;c:\Program Files (x86)\ATI Technologies\ATI.ACE\Core-Static;C:\Program Files\Intel\WiFi\bin\;C:\Program Files\Common Files\Intel\WirelessCommon\;C:\Program Files\Microsoft SQL Server\Client SDK\ODBC\110\Tools\Binn\;C:\Program Files (x86)\Microsoft SQL Server\120\Tools\Binn\;C:\Program Files\Microsoft SQL Server\120\Tools\Binn\;C:\Program Files\Microsoft SQL Server\120\DTS\Binn\;C:\Program Files (x86)\Brackets\command;C:\Program Files (x86)\Windows Kits\10\Windows Performance Toolkit\;C:\Program Files (x86)\nodejs\;C:\Program Files\Git\cmd;C:\Program Files (x86)\Skype\Phone\;C:\Program Files\Intel\WiFi\bin\;C:\Program Files\Common Files\Intel\WirelessCommon\;C:\Users\Wilson\AppData\Roaming\npm;c:\program files\neo4j ce 2.3.3\jre\bin, -Dexe4j.consoleCodepage=cp0, -Dinstall4j.launcherId=24, -Dinstall4j.swt=false]
2016-04-09 15:08:21.083+0000 INFO  [o.n.k.i.DiagnosticsManager] Java classpath:
2016-04-09 15:08:21.087+0000 INFO  [o.n.k.i.DiagnosticsManager]  [bootstrap] C:\Program Files\Neo4j CE 2.3.3\jre\lib\resources.jar
2016-04-09 15:08:21.087+0000 INFO  [o.n.k.i.DiagnosticsManager]  [classpath] C:\Program Files\Neo4j CE 2.3.3\bin\neo4j-desktop-2.3.3.jar
2016-04-09 15:08:21.087+0000 INFO  [o.n.k.i.DiagnosticsManager]  [bootstrap] C:\Program Files\Neo4j CE 2.3.3\jre\classes
2016-04-09 15:08:21.087+0000 INFO  [o.n.k.i.DiagnosticsManager]  [classpath] C:\Program Files\Neo4j CE 2.3.3\.install4j\i4jruntime.jar
2016-04-09 15:08:21.087+0000 INFO  [o.n.k.i.DiagnosticsManager]  [loader.1] file:/C:/Program%20Files/Neo4j%20CE%202.3.3/jre/lib/ext/dnsns.jar
2016-04-09 15:08:21.087+0000 INFO  [o.n.k.i.DiagnosticsManager]  [loader.1] file:/C:/Program%20Files/Neo4j%20CE%202.3.3/jre/lib/ext/dns_sd.jar
2016-04-09 15:08:21.087+0000 INFO  [o.n.k.i.DiagnosticsManager]  [loader.0] file:/C:/Program%20Files/Neo4j%20CE%202.3.3/bin/
2016-04-09 15:08:21.087+0000 INFO  [o.n.k.i.DiagnosticsManager]  [loader.1] file:/C:/Program%20Files/Neo4j%20CE%202.3.3/jre/lib/ext/sunec.jar
2016-04-09 15:08:21.087+0000 INFO  [o.n.k.i.DiagnosticsManager]  [loader.0] file:/C:/Program%20Files/Neo4j%20CE%202.3.3/bin/neo4j-desktop-2.3.3.jar
2016-04-09 15:08:21.087+0000 INFO  [o.n.k.i.DiagnosticsManager]  [bootstrap] C:\Program Files\Neo4j CE 2.3.3\jre\lib\jfr.jar
2016-04-09 15:08:21.087+0000 INFO  [o.n.k.i.DiagnosticsManager]  [loader.1] file:/C:/Program%20Files/Neo4j%20CE%202.3.3/jre/lib/ext/zipfs.jar
2016-04-09 15:08:21.087+0000 INFO  [o.n.k.i.DiagnosticsManager]  [loader.1] file:/C:/Program%20Files/Neo4j%20CE%202.3.3/jre/lib/ext/localedata.jar
2016-04-09 15:08:21.087+0000 INFO  [o.n.k.i.DiagnosticsManager]  [loader.1] file:/C:/Program%20Files/Neo4j%20CE%202.3.3/jre/lib/ext/sunjce_provider.jar
2016-04-09 15:08:21.087+0000 INFO  [o.n.k.i.DiagnosticsManager]  [loader.1] file:/C:/Program%20Files/Neo4j%20CE%202.3.3/jre/lib/ext/sunmscapi.jar
2016-04-09 15:08:21.087+0000 INFO  [o.n.k.i.DiagnosticsManager]  [bootstrap] C:\Program Files\Neo4j CE 2.3.3\jre\lib\rt.jar
2016-04-09 15:08:21.087+0000 INFO  [o.n.k.i.DiagnosticsManager]  [bootstrap] C:\Program Files\Neo4j CE 2.3.3\jre\lib\sunrsasign.jar
2016-04-09 15:08:21.087+0000 INFO  [o.n.k.i.DiagnosticsManager]  [loader.1] file:/C:/Program%20Files/Neo4j%20CE%202.3.3/jre/lib/ext/jaccess.jar
2016-04-09 15:08:21.087+0000 INFO  [o.n.k.i.DiagnosticsManager]  [bootstrap] C:\Program Files\Neo4j CE 2.3.3\jre\lib\jsse.jar
2016-04-09 15:08:21.087+0000 INFO  [o.n.k.i.DiagnosticsManager]  [bootstrap] C:\Program Files\Neo4j CE 2.3.3\jre\lib\charsets.jar
2016-04-09 15:08:21.087+0000 INFO  [o.n.k.i.DiagnosticsManager]  [loader.1] file:/C:/Program%20Files/Neo4j%20CE%202.3.3/jre/lib/ext/access-bridge-64.jar
2016-04-09 15:08:21.087+0000 INFO  [o.n.k.i.DiagnosticsManager]  [loader.0] file:/C:/Program%20Files/Neo4j%20CE%202.3.3/.install4j/i4jruntime.jar
2016-04-09 15:08:21.087+0000 INFO  [o.n.k.i.DiagnosticsManager]  [bootstrap] C:\Program Files\Neo4j CE 2.3.3\jre\lib\jce.jar
2016-04-09 15:08:21.087+0000 INFO  [o.n.k.i.DiagnosticsManager] Library path:
2016-04-09 15:08:21.088+0000 INFO  [o.n.k.i.DiagnosticsManager] C:\ProgramData\Oracle\Java\javapath
2016-04-09 15:08:21.088+0000 INFO  [o.n.k.i.DiagnosticsManager] C:\Program Files (x86)\Intel\iCLS Client
2016-04-09 15:08:21.088+0000 INFO  [o.n.k.i.DiagnosticsManager] C:\Program Files\Intel\iCLS Client
2016-04-09 15:08:21.089+0000 INFO  [o.n.k.i.DiagnosticsManager] C:\Windows\System32
2016-04-09 15:08:21.089+0000 INFO  [o.n.k.i.DiagnosticsManager] C:\Windows
2016-04-09 15:08:21.089+0000 INFO  [o.n.k.i.DiagnosticsManager] C:\Windows\System32\wbem
2016-04-09 15:08:21.089+0000 INFO  [o.n.k.i.DiagnosticsManager] C:\Windows\System32\WindowsPowerShell\v1.0
2016-04-09 15:08:21.090+0000 INFO  [o.n.k.i.DiagnosticsManager] C:\Program Files\Intel\Intel(R) Management Engine Components\DAL
2016-04-09 15:08:21.090+0000 INFO  [o.n.k.i.DiagnosticsManager] C:\Program Files (x86)\Intel\Intel(R) Management Engine Components\DAL
2016-04-09 15:08:21.090+0000 INFO  [o.n.k.i.DiagnosticsManager] C:\Program Files\Intel\Intel(R) Management Engine Components\IPT
2016-04-09 15:08:21.091+0000 INFO  [o.n.k.i.DiagnosticsManager] C:\Program Files (x86)\Intel\Intel(R) Management Engine Components\IPT
2016-04-09 15:08:21.091+0000 INFO  [o.n.k.i.DiagnosticsManager] C:\Program Files (x86)\ATI Technologies\ATI.ACE\Core-Static
2016-04-09 15:08:21.091+0000 INFO  [o.n.k.i.DiagnosticsManager] C:\Program Files\Intel\WiFi\bin
2016-04-09 15:08:21.092+0000 INFO  [o.n.k.i.DiagnosticsManager] C:\Program Files\Common Files\Intel\WirelessCommon
2016-04-09 15:08:21.092+0000 INFO  [o.n.k.i.DiagnosticsManager] C:\Program Files\Microsoft SQL Server\Client SDK\ODBC\110\Tools\Binn
2016-04-09 15:08:21.093+0000 INFO  [o.n.k.i.DiagnosticsManager] C:\Program Files (x86)\Microsoft SQL Server\120\Tools\Binn
2016-04-09 15:08:21.093+0000 INFO  [o.n.k.i.DiagnosticsManager] C:\Program Files\Microsoft SQL Server\120\Tools\Binn
2016-04-09 15:08:21.093+0000 INFO  [o.n.k.i.DiagnosticsManager] C:\Program Files\Microsoft SQL Server\120\DTS\Binn
2016-04-09 15:08:21.094+0000 INFO  [o.n.k.i.DiagnosticsManager] C:\Program Files (x86)\Brackets\command
2016-04-09 15:08:21.094+0000 INFO  [o.n.k.i.DiagnosticsManager] C:\Program Files (x86)\Windows Kits\10\Windows Performance Toolkit
2016-04-09 15:08:21.094+0000 INFO  [o.n.k.i.DiagnosticsManager] C:\Program Files (x86)\nodejs
2016-04-09 15:08:21.094+0000 INFO  [o.n.k.i.DiagnosticsManager] C:\Program Files\Git\cmd
2016-04-09 15:08:21.095+0000 INFO  [o.n.k.i.DiagnosticsManager] C:\Program Files (x86)\Skype\Phone
2016-04-09 15:08:21.095+0000 INFO  [o.n.k.i.DiagnosticsManager] C:\Program Files\Intel\WiFi\bin
2016-04-09 15:08:21.095+0000 INFO  [o.n.k.i.DiagnosticsManager] C:\Program Files\Common Files\Intel\WirelessCommon
2016-04-09 15:08:21.095+0000 INFO  [o.n.k.i.DiagnosticsManager] C:\Users\Wilson\AppData\Roaming\npm
2016-04-09 15:08:21.095+0000 INFO  [o.n.k.i.DiagnosticsManager] C:\Program Files\Neo4j CE 2.3.3\jre\bin
2016-04-09 15:08:21.095+0000 INFO  [o.n.k.i.DiagnosticsManager] System.properties:
2016-04-09 15:08:21.095+0000 INFO  [o.n.k.i.DiagnosticsManager] exe4j.moduleName = C:\Program Files\Neo4j CE 2.3.3\bin\neo4j-ce.exe
2016-04-09 15:08:21.095+0000 INFO  [o.n.k.i.DiagnosticsManager] exe4j.semaphoreName = Local\c:_program_files_neo4j_ce_2.3.3_bin_neo4j-ce.exe
2016-04-09 15:08:21.095+0000 INFO  [o.n.k.i.DiagnosticsManager] sun.boot.library.path = c:\program files\neo4j ce 2.3.3\jre\bin
2016-04-09 15:08:21.095+0000 INFO  [o.n.k.i.DiagnosticsManager] exe4j.consoleCodepage = cp0
2016-04-09 15:08:21.095+0000 INFO  [o.n.k.i.DiagnosticsManager] path.separator = ;
2016-04-09 15:08:21.095+0000 INFO  [o.n.k.i.DiagnosticsManager] file.encoding.pkg = sun.io
2016-04-09 15:08:21.095+0000 INFO  [o.n.k.i.DiagnosticsManager] user.country = US
2016-04-09 15:08:21.096+0000 INFO  [o.n.k.i.DiagnosticsManager] user.script = 
2016-04-09 15:08:21.096+0000 INFO  [o.n.k.i.DiagnosticsManager] sun.os.patch.level = 
2016-04-09 15:08:21.096+0000 INFO  [o.n.k.i.DiagnosticsManager] install4j.exeDir = C:\Program Files\Neo4j CE 2.3.3\bin\
2016-04-09 15:08:21.096+0000 INFO  [o.n.k.i.DiagnosticsManager] user.dir = C:\Program Files\Neo4j CE 2.3.3\bin
2016-04-09 15:08:21.096+0000 INFO  [o.n.k.i.DiagnosticsManager] neo4j.ext.udc.source = desktop
2016-04-09 15:08:21.096+0000 INFO  [o.n.k.i.DiagnosticsManager] user.variant = 
2016-04-09 15:08:21.096+0000 INFO  [o.n.k.i.DiagnosticsManager] exe4j.tempDir = 
2016-04-09 15:08:21.096+0000 INFO  [o.n.k.i.DiagnosticsManager] sun.jnu.encoding = Cp1252
2016-04-09 15:08:21.096+0000 INFO  [o.n.k.i.DiagnosticsManager] sun.awt.enableExtraMouseButtons = true
2016-04-09 15:08:21.096+0000 INFO  [o.n.k.i.DiagnosticsManager] install4j.launcherId = 24
2016-04-09 15:08:21.096+0000 INFO  [o.n.k.i.DiagnosticsManager] sun.management.compiler = HotSpot 64-Bit Tiered Compilers
2016-04-09 15:08:21.096+0000 INFO  [o.n.k.i.DiagnosticsManager] exe4j.isInstall4j = true
2016-04-09 15:08:21.096+0000 INFO  [o.n.k.i.DiagnosticsManager] install4j.swt = false
2016-04-09 15:08:21.096+0000 INFO  [o.n.k.i.DiagnosticsManager] user.home = C:\Users\Wilson
2016-04-09 15:08:21.096+0000 INFO  [o.n.k.i.DiagnosticsManager] user.timezone = Europe/London
2016-04-09 15:08:21.096+0000 INFO  [o.n.k.i.DiagnosticsManager] file.encoding = Cp1252
2016-04-09 15:08:21.096+0000 INFO  [o.n.k.i.DiagnosticsManager] user.name = Wilson
2016-04-09 15:08:21.096+0000 INFO  [o.n.k.i.DiagnosticsManager] sun.java.command = C:\Program Files\Neo4j CE 2.3.3\bin\neo4j-ce.exe
2016-04-09 15:08:21.096+0000 INFO  [o.n.k.i.DiagnosticsManager] sun.arch.data.model = 64
2016-04-09 15:08:21.096+0000 INFO  [o.n.k.i.DiagnosticsManager] exe4j.launchName = C:\Program Files\Neo4j CE 2.3.3\bin\neo4j-ce.exe
2016-04-09 15:08:21.096+0000 INFO  [o.n.k.i.DiagnosticsManager] user.language = en
2016-04-09 15:08:21.096+0000 INFO  [o.n.k.i.DiagnosticsManager] awt.toolkit = sun.awt.windows.WToolkit
2016-04-09 15:08:21.096+0000 INFO  [o.n.k.i.DiagnosticsManager] exe4j.unextractedPosition = 0
2016-04-09 15:08:21.096+0000 INFO  [o.n.k.i.DiagnosticsManager] install4j.appDir = C:\Program Files\Neo4j CE 2.3.3\
2016-04-09 15:08:21.096+0000 INFO  [o.n.k.i.DiagnosticsManager] file.separator = \
2016-04-09 15:08:21.096+0000 INFO  [o.n.k.i.DiagnosticsManager] sun.io.unicode.encoding = UnicodeLittle
2016-04-09 15:08:21.097+0000 INFO  [o.n.k.i.DiagnosticsManager] sun.cpu.endian = little
2016-04-09 15:08:21.097+0000 INFO  [o.n.k.i.DiagnosticsManager] sun.desktop = windows
2016-04-09 15:08:21.097+0000 INFO  [o.n.k.i.DiagnosticsManager] sun.cpu.isalist = amd64
2016-04-09 15:08:21.097+0000 INFO  [o.n.k.i.DiagnosticsManager] Network information:
2016-04-09 15:08:26.430+0000 INFO  [o.n.k.i.DiagnosticsManager] Interface Software Loopback Interface 1:
2016-04-09 15:08:26.430+0000 INFO  [o.n.k.i.DiagnosticsManager]     address: 127.0.0.1
2016-04-09 15:08:26.430+0000 INFO  [o.n.k.i.DiagnosticsManager]     address: 0:0:0:0:0:0:0:1
2016-04-09 15:08:26.430+0000 INFO  [o.n.k.i.DiagnosticsManager] Interface Teredo Tunneling Pseudo-Interface:
2016-04-09 15:08:26.430+0000 INFO  [o.n.k.i.DiagnosticsManager] Interface Intel(R) Dual Band Wireless-AC 3160:
2016-04-09 15:08:26.431+0000 INFO  [o.n.k.i.DiagnosticsManager]     address: fe80:0:0:0:6d3b:3dd1:34e2:8e5a%3
2016-04-09 15:08:26.431+0000 INFO  [o.n.k.i.DiagnosticsManager] Interface Realtek USB GBE Family Controller:
2016-04-09 15:08:26.431+0000 INFO  [o.n.k.i.DiagnosticsManager] Interface VirtualBox NDIS 6.0 Miniport Driver:
2016-04-09 15:08:26.431+0000 INFO  [o.n.k.i.DiagnosticsManager] Interface Microsoft Wi-Fi Direct Virtual Adapter:
2016-04-09 15:08:26.431+0000 INFO  [o.n.k.i.DiagnosticsManager]     address: fe80:0:0:0:adae:1ca1:2d6b:b6b4%6
2016-04-09 15:08:26.431+0000 INFO  [o.n.k.i.DiagnosticsManager] Interface Microsoft Kernel Debug Network Adapter:
2016-04-09 15:08:26.431+0000 INFO  [o.n.k.i.DiagnosticsManager] Interface Remote NDIS based Internet Sharing Device:
2016-04-09 15:08:26.431+0000 INFO  [o.n.k.i.DiagnosticsManager]     address: 192.168.42.6
2016-04-09 15:08:26.431+0000 INFO  [o.n.k.i.DiagnosticsManager]     address: fe80:0:0:0:6802:ad89:17f2:182b%8
2016-04-09 15:08:26.431+0000 INFO  [o.n.k.i.DiagnosticsManager] Interface Microsoft ISATAP Adapter #2:
2016-04-09 15:08:26.431+0000 INFO  [o.n.k.i.DiagnosticsManager] Interface Intel(R) Dual Band Wireless-AC 3160-WFP Native MAC Layer LightWeight Filter-0000:
2016-04-09 15:08:26.431+0000 INFO  [o.n.k.i.DiagnosticsManager] Interface Intel(R) Dual Band Wireless-AC 3160-Virtual WiFi Filter Driver-0000:
2016-04-09 15:08:26.431+0000 INFO  [o.n.k.i.DiagnosticsManager] Interface Intel(R) Dual Band Wireless-AC 3160-Native WiFi Filter Driver-0000:
2016-04-09 15:08:26.431+0000 INFO  [o.n.k.i.DiagnosticsManager] Interface Intel(R) Dual Band Wireless-AC 3160-VirtualBox NDIS Light-Weight Filter-0000:
2016-04-09 15:08:26.431+0000 INFO  [o.n.k.i.DiagnosticsManager] Interface Intel(R) Dual Band Wireless-AC 3160-QoS Packet Scheduler-0000:
2016-04-09 15:08:26.431+0000 INFO  [o.n.k.i.DiagnosticsManager] Interface Intel(R) Dual Band Wireless-AC 3160-WFP 802.3 MAC Layer LightWeight Filter-0000:
2016-04-09 15:08:26.432+0000 INFO  [o.n.k.i.DiagnosticsManager] Interface Microsoft Wi-Fi Direct Virtual Adapter-WFP Native MAC Layer LightWeight Filter-0000:
2016-04-09 15:08:26.432+0000 INFO  [o.n.k.i.DiagnosticsManager] Interface Microsoft Wi-Fi Direct Virtual Adapter-Native WiFi Filter Driver-0000:
2016-04-09 15:08:26.432+0000 INFO  [o.n.k.i.DiagnosticsManager] Interface Microsoft Wi-Fi Direct Virtual Adapter-VirtualBox NDIS Light-Weight Filter-0000:
2016-04-09 15:08:26.432+0000 INFO  [o.n.k.i.DiagnosticsManager] Interface Microsoft Wi-Fi Direct Virtual Adapter-QoS Packet Scheduler-0000:
2016-04-09 15:08:26.432+0000 INFO  [o.n.k.i.DiagnosticsManager] Interface Microsoft Wi-Fi Direct Virtual Adapter-WFP 802.3 MAC Layer LightWeight Filter-0000:
2016-04-09 15:08:26.432+0000 INFO  [o.n.k.i.DiagnosticsManager] Interface Remote NDIS based Internet Sharing Device-WFP Native MAC Layer LightWeight Filter-0000:
2016-04-09 15:08:26.432+0000 INFO  [o.n.k.i.DiagnosticsManager] Interface Remote NDIS based Internet Sharing Device-VirtualBox NDIS Light-Weight Filter-0000:
2016-04-09 15:08:26.432+0000 INFO  [o.n.k.i.DiagnosticsManager] Interface Remote NDIS based Internet Sharing Device-QoS Packet Scheduler-0000:
2016-04-09 15:08:26.432+0000 INFO  [o.n.k.i.DiagnosticsManager] Interface Remote NDIS based Internet Sharing Device-WFP 802.3 MAC Layer LightWeight Filter-0000:
2016-04-09 15:08:26.432+0000 INFO  [o.n.k.i.DiagnosticsManager] Interface Apple Mobile Device Ethernet:
2016-04-09 15:08:26.432+0000 INFO  [o.n.k.i.DiagnosticsManager] --- INITIALIZED diagnostics END ---
2016-04-09 15:08:27.553+0000 INFO  [o.n.k.KernelHealth] Kernel health set to OK
2016-04-09 15:08:27.564+0000 INFO  [o.n.k.AvailabilityGuard] Fulfilling of requirement makes database available: Database available
2016-04-09 15:08:27.564+0000 INFO  [o.n.k.i.f.CommunityFacadeFactory] Database is now ready
2016-04-09 15:08:27.564+0000 INFO  [o.n.k.i.DiagnosticsManager] --- STARTED diagnostics for KernelDiagnostics:Versions START ---
2016-04-09 15:08:27.565+0000 INFO  [o.n.k.i.DiagnosticsManager] Graph Database: Community StoreId{creationTime=1457552802092, randomId=1977946274690558294, storeVersion=15250506225055238, upgradeTime=1457552802092, upgradeId=1}
2016-04-09 15:08:27.565+0000 INFO  [o.n.k.i.DiagnosticsManager] Kernel version: 2.3.3
2016-04-09 15:08:27.565+0000 INFO  [o.n.k.i.DiagnosticsManager] --- STARTED diagnostics for KernelDiagnostics:Versions END ---
2016-04-09 15:08:27.565+0000 INFO  [o.n.k.i.DiagnosticsManager] --- STARTED diagnostics for NEO_STORE_VERSIONS START ---
2016-04-09 15:08:27.565+0000 INFO  [o.n.k.i.DiagnosticsManager] Store versions:
2016-04-09 15:08:27.565+0000 INFO  [o.n.k.i.DiagnosticsManager] Store versions:
2016-04-09 15:08:27.565+0000 INFO  [o.n.k.i.DiagnosticsManager] ArrayPropertyStore v0.A.6
2016-04-09 15:08:27.566+0000 INFO  [o.n.k.i.DiagnosticsManager] NodeStore v0.A.6
2016-04-09 15:08:27.566+0000 INFO  [o.n.k.i.DiagnosticsManager] StringPropertyStore v0.A.6
2016-04-09 15:08:27.567+0000 INFO  [o.n.k.i.DiagnosticsManager] PropertyIndexStore v0.A.6
2016-04-09 15:08:27.567+0000 INFO  [o.n.k.i.DiagnosticsManager] StringPropertyStore v0.A.6
2016-04-09 15:08:27.567+0000 INFO  [o.n.k.i.DiagnosticsManager] ArrayPropertyStore v0.A.6
2016-04-09 15:08:27.567+0000 INFO  [o.n.k.i.DiagnosticsManager] PropertyStore v0.A.6
2016-04-09 15:08:27.567+0000 INFO  [o.n.k.i.DiagnosticsManager] RelationshipStore v0.A.6
2016-04-09 15:08:27.567+0000 INFO  [o.n.k.i.DiagnosticsManager] StringPropertyStore v0.A.6
2016-04-09 15:08:27.567+0000 INFO  [o.n.k.i.DiagnosticsManager] RelationshipTypeStore v0.A.6
2016-04-09 15:08:27.568+0000 INFO  [o.n.k.i.DiagnosticsManager] StringPropertyStore v0.A.6
2016-04-09 15:08:27.568+0000 INFO  [o.n.k.i.DiagnosticsManager] LabelTokenStore v0.A.6
2016-04-09 15:08:27.568+0000 INFO  [o.n.k.i.DiagnosticsManager] SchemaStore v0.A.6
2016-04-09 15:08:27.568+0000 INFO  [o.n.k.i.DiagnosticsManager] RelationshipGroupStore v0.A.6
2016-04-09 15:08:27.568+0000 INFO  [o.n.k.i.DiagnosticsManager] NeoStore v0.A.6
2016-04-09 15:08:27.568+0000 INFO  [o.n.k.i.DiagnosticsManager] --- STARTED diagnostics for NEO_STORE_VERSIONS END ---
2016-04-09 15:08:27.568+0000 INFO  [o.n.k.i.DiagnosticsManager] --- STARTED diagnostics for NEO_STORE_ID_USAGE START ---
2016-04-09 15:08:27.568+0000 INFO  [o.n.k.i.DiagnosticsManager] Id usage:
2016-04-09 15:08:27.569+0000 INFO  [o.n.k.i.DiagnosticsManager] Id usage:
2016-04-09 15:08:27.569+0000 INFO  [o.n.k.i.DiagnosticsManager]   ArrayPropertyStore v0.A.6: used=1 high=0
2016-04-09 15:08:27.569+0000 INFO  [o.n.k.i.DiagnosticsManager]   NodeStore v0.A.6: used=0 high=-1
2016-04-09 15:08:27.569+0000 INFO  [o.n.k.i.DiagnosticsManager]   StringPropertyStore v0.A.6: used=1 high=0
2016-04-09 15:08:27.569+0000 INFO  [o.n.k.i.DiagnosticsManager]   PropertyIndexStore v0.A.6: used=0 high=-1
2016-04-09 15:08:27.569+0000 INFO  [o.n.k.i.DiagnosticsManager]   StringPropertyStore v0.A.6: used=1 high=0
2016-04-09 15:08:27.570+0000 INFO  [o.n.k.i.DiagnosticsManager]   ArrayPropertyStore v0.A.6: used=1 high=0
2016-04-09 15:08:27.570+0000 INFO  [o.n.k.i.DiagnosticsManager]   PropertyStore v0.A.6: used=0 high=-1
2016-04-09 15:08:27.570+0000 INFO  [o.n.k.i.DiagnosticsManager]   RelationshipStore v0.A.6: used=0 high=-1
2016-04-09 15:08:27.570+0000 INFO  [o.n.k.i.DiagnosticsManager]   StringPropertyStore v0.A.6: used=1 high=0
2016-04-09 15:08:27.571+0000 INFO  [o.n.k.i.DiagnosticsManager]   RelationshipTypeStore v0.A.6: used=0 high=-1
2016-04-09 15:08:27.571+0000 INFO  [o.n.k.i.DiagnosticsManager]   StringPropertyStore v0.A.6: used=1 high=0
2016-04-09 15:08:27.571+0000 INFO  [o.n.k.i.DiagnosticsManager]   LabelTokenStore v0.A.6: used=0 high=-1
2016-04-09 15:08:27.571+0000 INFO  [o.n.k.i.DiagnosticsManager]   SchemaStore v0.A.6: used=1 high=0
2016-04-09 15:08:27.572+0000 INFO  [o.n.k.i.DiagnosticsManager]   RelationshipGroupStore v0.A.6: used=1 high=0
2016-04-09 15:08:27.572+0000 INFO  [o.n.k.i.DiagnosticsManager]   NeoStore v0.A.6: used=13 high=12
2016-04-09 15:08:27.572+0000 INFO  [o.n.k.i.DiagnosticsManager] --- STARTED diagnostics for NEO_STORE_ID_USAGE END ---
2016-04-09 15:08:27.572+0000 INFO  [o.n.k.i.DiagnosticsManager] --- STARTED diagnostics for NEO_STORE_RECORDS START ---
2016-04-09 15:08:27.572+0000 INFO  [o.n.k.i.DiagnosticsManager] Neostore records:
2016-04-09 15:08:27.572+0000 INFO  [o.n.k.i.DiagnosticsManager] TIME (Creation time): 1457552802092
2016-04-09 15:08:27.573+0000 INFO  [o.n.k.i.DiagnosticsManager] RANDOM_NUMBER (Random number for store id): 1977946274690558294
2016-04-09 15:08:27.573+0000 INFO  [o.n.k.i.DiagnosticsManager] LOG_VERSION (Current log version): 0
2016-04-09 15:08:27.573+0000 INFO  [o.n.k.i.DiagnosticsManager] LAST_TRANSACTION_ID (Last committed transaction): 1
2016-04-09 15:08:27.573+0000 INFO  [o.n.k.i.DiagnosticsManager] STORE_VERSION (Store format version): 15250506225055238
2016-04-09 15:08:27.573+0000 INFO  [o.n.k.i.DiagnosticsManager] FIRST_GRAPH_PROPERTY (First property record containing graph properties): -1
2016-04-09 15:08:27.573+0000 INFO  [o.n.k.i.DiagnosticsManager] LAST_CONSTRAINT_TRANSACTION (Last committed transaction containing constraint changes): 0
2016-04-09 15:08:27.574+0000 INFO  [o.n.k.i.DiagnosticsManager] UPGRADE_TRANSACTION_ID (Transaction id most recent upgrade was performed at): 1
2016-04-09 15:08:27.574+0000 INFO  [o.n.k.i.DiagnosticsManager] UPGRADE_TIME (Time of last upgrade): 1457552802092
2016-04-09 15:08:27.574+0000 INFO  [o.n.k.i.DiagnosticsManager] LAST_TRANSACTION_CHECKSUM (Checksum of last committed transaction): 0
2016-04-09 15:08:27.574+0000 INFO  [o.n.k.i.DiagnosticsManager] UPGRADE_TRANSACTION_CHECKSUM (Checksum of transaction id the most recent upgrade was performed at): 0
2016-04-09 15:08:27.574+0000 INFO  [o.n.k.i.DiagnosticsManager] LAST_CLOSED_TRANSACTION_LOG_VERSION (Log version where the last transaction commit entry has been written into): 0
2016-04-09 15:08:27.574+0000 INFO  [o.n.k.i.DiagnosticsManager] LAST_CLOSED_TRANSACTION_LOG_BYTE_OFFSET (Byte offset in the log file where the last transaction commit entry has been written into): 16
2016-04-09 15:08:27.575+0000 INFO  [o.n.k.i.DiagnosticsManager] --- STARTED diagnostics for NEO_STORE_RECORDS END ---
2016-04-09 15:08:27.575+0000 INFO  [o.n.k.i.DiagnosticsManager] --- STARTED diagnostics for TRANSACTION_RANGE START ---
2016-04-09 15:08:27.575+0000 INFO  [o.n.k.i.DiagnosticsManager] Transaction log:
2016-04-09 15:08:27.576+0000 INFO  [o.n.k.i.DiagnosticsManager] Oldest transaction 2 found in log with version 0
2016-04-09 15:08:27.576+0000 INFO  [o.n.k.i.DiagnosticsManager] --- STARTED diagnostics for TRANSACTION_RANGE END ---
2016-04-09 15:08:27.576+0000 INFO  [o.n.k.i.DiagnosticsManager] --- STARTED diagnostics for KernelDiagnostics:StoreFiles START ---
2016-04-09 15:08:27.578+0000 INFO  [o.n.k.i.DiagnosticsManager] Disk space on partition (Total / Free / Free %): 987756490752 / 638662332416 / 64
Storage files: (filename : modification date - size)
2016-04-09 15:08:27.579+0000 INFO  [o.n.k.i.DiagnosticsManager]   dbms:
2016-04-09 15:08:27.580+0000 INFO  [o.n.k.i.DiagnosticsManager]     auth: 2016-04-09T12:41:00+0100 - 138.00 B
2016-04-09 15:08:27.580+0000 INFO  [o.n.k.i.DiagnosticsManager]     ssl:
2016-04-09 15:08:27.581+0000 INFO  [o.n.k.i.DiagnosticsManager]       snakeoil.cert: 2016-04-09T12:41:00+0100 - 640.00 B
2016-04-09 15:08:27.581+0000 INFO  [o.n.k.i.DiagnosticsManager]       snakeoil.key: 2016-04-09T12:41:00+0100 - 928.00 B
2016-04-09 15:08:27.581+0000 INFO  [o.n.k.i.DiagnosticsManager]     - Total: 2016-04-09T12:41:00+0100 - 1.53 kB
2016-04-09 15:08:27.582+0000 INFO  [o.n.k.i.DiagnosticsManager]   - Total: 2016-04-09T12:41:00+0100 - 1.67 kB
2016-04-09 15:08:27.582+0000 INFO  [o.n.k.i.DiagnosticsManager]   index:
2016-04-09 15:08:27.582+0000 INFO  [o.n.k.i.DiagnosticsManager]   - Total: 2016-04-09T16:08:27+0100 - 0.00 B
2016-04-09 15:08:27.583+0000 INFO  [o.n.k.i.DiagnosticsManager]   messages.log: 2016-04-09T12:41:00+0100 - 60.03 kB
2016-04-09 15:08:27.583+0000 INFO  [o.n.k.i.DiagnosticsManager]   neo4j.properties: 2016-04-09T12:41:00+0100 - 1.30 kB
2016-04-09 15:08:27.583+0000 INFO  [o.n.k.i.DiagnosticsManager]   neostore: 2016-04-09T12:41:00+0100 - 8.00 kB
2016-04-09 15:08:27.584+0000 INFO  [o.n.k.i.DiagnosticsManager]   neostore.counts.db.a: 2016-04-09T12:41:00+0100 - 96.00 B
2016-04-09 15:08:27.584+0000 INFO  [o.n.k.i.DiagnosticsManager]   neostore.id: 2016-04-09T16:08:27+0100 - 9.00 B
2016-04-09 15:08:27.585+0000 INFO  [o.n.k.i.DiagnosticsManager]   neostore.labeltokenstore.db: 2016-04-09T12:41:00+0100 - 0.00 B
2016-04-09 15:08:27.586+0000 INFO  [o.n.k.i.DiagnosticsManager]   neostore.labeltokenstore.db.id: 2016-04-09T16:08:27+0100 - 9.00 B
2016-04-09 15:08:27.586+0000 INFO  [o.n.k.i.DiagnosticsManager]   neostore.labeltokenstore.db.names: 2016-04-09T12:41:00+0100 - 8.00 kB
2016-04-09 15:08:27.586+0000 INFO  [o.n.k.i.DiagnosticsManager]   neostore.labeltokenstore.db.names.id: 2016-04-09T16:08:27+0100 - 9.00 B
2016-04-09 15:08:27.587+0000 INFO  [o.n.k.i.DiagnosticsManager]   neostore.nodestore.db: 2016-04-09T12:41:00+0100 - 0.00 B
2016-04-09 15:08:27.587+0000 INFO  [o.n.k.i.DiagnosticsManager]   neostore.nodestore.db.id: 2016-04-09T16:08:26+0100 - 9.00 B
2016-04-09 15:08:27.587+0000 INFO  [o.n.k.i.DiagnosticsManager]   neostore.nodestore.db.labels: 2016-04-09T12:41:00+0100 - 8.00 kB
2016-04-09 15:08:27.588+0000 INFO  [o.n.k.i.DiagnosticsManager]   neostore.nodestore.db.labels.id: 2016-04-09T16:08:26+0100 - 9.00 B
2016-04-09 15:08:27.588+0000 INFO  [o.n.k.i.DiagnosticsManager]   neostore.propertystore.db: 2016-04-09T12:41:00+0100 - 0.00 B
2016-04-09 15:08:27.589+0000 INFO  [o.n.k.i.DiagnosticsManager]   neostore.propertystore.db.arrays: 2016-04-09T12:41:00+0100 - 8.00 kB
2016-04-09 15:08:27.589+0000 INFO  [o.n.k.i.DiagnosticsManager]   neostore.propertystore.db.arrays.id: 2016-04-09T16:08:26+0100 - 9.00 B
2016-04-09 15:08:27.589+0000 INFO  [o.n.k.i.DiagnosticsManager]   neostore.propertystore.db.id: 2016-04-09T16:08:26+0100 - 9.00 B
2016-04-09 15:08:27.590+0000 INFO  [o.n.k.i.DiagnosticsManager]   neostore.propertystore.db.index: 2016-04-09T12:41:00+0100 - 0.00 B
2016-04-09 15:08:27.590+0000 INFO  [o.n.k.i.DiagnosticsManager]   neostore.propertystore.db.index.id: 2016-04-09T16:08:26+0100 - 9.00 B
2016-04-09 15:08:27.590+0000 INFO  [o.n.k.i.DiagnosticsManager]   neostore.propertystore.db.index.keys: 2016-04-09T12:41:01+0100 - 8.00 kB
2016-04-09 15:08:27.591+0000 INFO  [o.n.k.i.DiagnosticsManager]   neostore.propertystore.db.index.keys.id: 2016-04-09T16:08:26+0100 - 9.00 B
2016-04-09 15:08:27.591+0000 INFO  [o.n.k.i.DiagnosticsManager]   neostore.propertystore.db.strings: 2016-04-09T12:41:01+0100 - 8.00 kB
2016-04-09 15:08:27.592+0000 INFO  [o.n.k.i.DiagnosticsManager]   neostore.propertystore.db.strings.id: 2016-04-09T16:08:26+0100 - 9.00 B
2016-04-09 15:08:27.592+0000 INFO  [o.n.k.i.DiagnosticsManager]   neostore.relationshipgroupstore.db: 2016-04-09T12:41:01+0100 - 8.00 kB
2016-04-09 15:08:27.592+0000 INFO  [o.n.k.i.DiagnosticsManager]   neostore.relationshipgroupstore.db.id: 2016-04-09T16:08:27+0100 - 9.00 B
2016-04-09 15:08:27.593+0000 INFO  [o.n.k.i.DiagnosticsManager]   neostore.relationshipstore.db: 2016-04-09T12:41:01+0100 - 0.00 B
2016-04-09 15:08:27.593+0000 INFO  [o.n.k.i.DiagnosticsManager]   neostore.relationshipstore.db.id: 2016-04-09T16:08:26+0100 - 9.00 B
2016-04-09 15:08:27.594+0000 INFO  [o.n.k.i.DiagnosticsManager]   neostore.relationshiptypestore.db: 2016-04-09T12:41:01+0100 - 0.00 B
2016-04-09 15:08:27.594+0000 INFO  [o.n.k.i.DiagnosticsManager]   neostore.relationshiptypestore.db.id: 2016-04-09T16:08:27+0100 - 9.00 B
2016-04-09 15:08:27.595+0000 INFO  [o.n.k.i.DiagnosticsManager]   neostore.relationshiptypestore.db.names: 2016-04-09T12:41:01+0100 - 8.00 kB
2016-04-09 15:08:27.595+0000 INFO  [o.n.k.i.DiagnosticsManager]   neostore.relationshiptypestore.db.names.id: 2016-04-09T16:08:27+0100 - 9.00 B
2016-04-09 15:08:27.596+0000 INFO  [o.n.k.i.DiagnosticsManager]   neostore.schemastore.db: 2016-04-09T12:41:01+0100 - 8.00 kB
2016-04-09 15:08:27.596+0000 INFO  [o.n.k.i.DiagnosticsManager]   neostore.schemastore.db.id: 2016-04-09T16:08:27+0100 - 9.00 B
2016-04-09 15:08:27.596+0000 INFO  [o.n.k.i.DiagnosticsManager]   neostore.transaction.db.0: 2016-04-09T12:41:01+0100 - 34.00 B
2016-04-09 15:08:27.597+0000 INFO  [o.n.k.i.DiagnosticsManager]   schema:
2016-04-09 15:08:27.598+0000 INFO  [o.n.k.i.DiagnosticsManager]     label:
2016-04-09 15:08:27.598+0000 INFO  [o.n.k.i.DiagnosticsManager]       lucene:
2016-04-09 15:08:27.599+0000 INFO  [o.n.k.i.DiagnosticsManager]         segments.gen: 2016-04-09T12:41:01+0100 - 20.00 B
2016-04-09 15:08:27.599+0000 INFO  [o.n.k.i.DiagnosticsManager]         segments_1: 2016-04-09T12:41:01+0100 - 32.00 B
2016-04-09 15:08:27.599+0000 INFO  [o.n.k.i.DiagnosticsManager]         write.lock: 2016-04-09T16:08:27+0100 - 0.00 B
2016-04-09 15:08:27.600+0000 INFO  [o.n.k.i.DiagnosticsManager]       - Total: 2016-04-09T16:08:27+0100 - 52.00 B
2016-04-09 15:08:27.600+0000 INFO  [o.n.k.i.DiagnosticsManager]     - Total: 2016-04-09T12:41:01+0100 - 52.00 B
2016-04-09 15:08:27.600+0000 INFO  [o.n.k.i.DiagnosticsManager]   - Total: 2016-04-09T12:41:01+0100 - 52.00 B
2016-04-09 15:08:27.601+0000 INFO  [o.n.k.i.DiagnosticsManager]   store_lock: 2016-04-09T12:41:01+0100 - 0.00 B
2016-04-09 15:08:27.601+0000 INFO  [o.n.k.i.DiagnosticsManager] --- STARTED diagnostics for KernelDiagnostics:StoreFiles END ---
2016-04-09 15:08:27.610+0000 INFO  [o.n.k.i.DiagnosticsManager] --- SERVER STARTED START ---
2016-04-09 15:08:28.330+0000 INFO  [o.n.k.i.DiagnosticsManager] --- SERVER STARTED END ---
2016-04-09 15:09:57.577+0000 WARN  [o.n.k.i.c.MonitorGc] GC Monitor: Application threads blocked for 791ms.
2016-04-09 15:13:27.593+0000 INFO  [o.n.k.i.t.l.c.CheckPointerImpl] Check Pointing triggered by scheduler for time threshold [28]:  Starting check pointing...
2016-04-09 15:13:27.593+0000 INFO  [o.n.k.i.t.l.c.CheckPointerImpl] Check Pointing triggered by scheduler for time threshold [28]:  Starting store flush...
2016-04-09 15:13:27.801+0000 INFO  [o.n.k.i.s.c.CountsTracker] About to rotate counts store at transaction 28 to [C:\Users\Wilson\Documents\GitHub\project-template\constituencies.graphdb\neostore.counts.db.b], from [C:\Users\Wilson\Documents\GitHub\project-template\constituencies.graphdb\neostore.counts.db.a].
2016-04-09 15:13:27.807+0000 INFO  [o.n.k.i.s.c.CountsTracker] Successfully rotated counts store at transaction 28 to [C:\Users\Wilson\Documents\GitHub\project-template\constituencies.graphdb\neostore.counts.db.b], from [C:\Users\Wilson\Documents\GitHub\project-template\constituencies.graphdb\neostore.counts.db.a].
2016-04-09 15:13:27.996+0000 INFO  [o.n.k.i.t.l.c.CheckPointerImpl] Check Pointing triggered by scheduler for time threshold [28]:  Store flush completed
2016-04-09 15:13:27.997+0000 INFO  [o.n.k.i.t.l.c.CheckPointerImpl] Check Pointing triggered by scheduler for time threshold [28]:  Starting appending check point entry into the tx log...
2016-04-09 15:13:28.026+0000 INFO  [o.n.k.i.t.l.c.CheckPointerImpl] Check Pointing triggered by scheduler for time threshold [28]:  Appending check point entry into the tx log completed
2016-04-09 15:13:28.026+0000 INFO  [o.n.k.i.t.l.c.CheckPointerImpl] Check Pointing triggered by scheduler for time threshold [28]:  Check pointing completed
2016-04-09 15:13:28.026+0000 INFO  [o.n.k.i.t.l.p.LogPruningImpl] Log Rotation [0]:  Starting log pruning.
2016-04-09 15:13:28.026+0000 INFO  [o.n.k.i.t.l.p.LogPruningImpl] Log Rotation [0]:  Log pruning complete.
